app/build/outputs/logs/manifest-merger-yy360-release-report.txt
-- Merging decision tree log ---
manifest
ADDED from src\main\AndroidManifest.xml:2:1-370:12
INJECTED from src\main\AndroidManifest.xml:2:1-370:12
INJECTED from src\main\AndroidManifest.xml:2:1-370:12
INJECTED from src\main\AndroidManifest.xml:2:1-370:12
MERGED from [:calendarview] AndroidManifest.xml:2:1-11:12
MERGED from [:imagepicker] AndroidManifest.xml:2:1-38:12
MERGED from [:flexbox] AndroidManifest.xml:2:1-17:12
MERGED from [com.zhy:flowlayout-lib:1.0.3] AndroidManifest.xml:2:1-12:12
MERGED from [com.github.jdsjlzx:LRecyclerView:1.4.3] AndroidManifest.xml:2:1-17:12
MERGED from [com.yinglan.alphatabs:library:1.0.8] AndroidManifest.xml:2:1-17:12
MERGED from [liji.library.dev:citypickerview:4.2.1] AndroidManifest.xml:2:1-37:12
MERGED from [com.android.support:design:28.0.0] AndroidManifest.xml:17:1-24:12
MERGED from [com.android.support:appcompat-v7:28.0.0] AndroidManifest.xml:17:1-22:12
MERGED from [com.android.support.constraint:constraint-layout:1.1.3] AndroidManifest.xml:2:1-11:12
MERGED from [com.android.support:animated-vector-drawable:28.0.0] AndroidManifest.xml:17:1-22:12
MERGED from [com.android.support:support-vector-drawable:28.0.0] AndroidManifest.xml:17:1-22:12
MERGED from [com.jakewharton:butterknife:8.8.1] AndroidManifest.xml:2:1-7:12
MERGED from [com.android.support:multidex:1.0.3] AndroidManifest.xml:17:1-22:12
MERGED from [jp.wasabeef:glide-transformations:2.0.2] AndroidManifest.xml:2:1-12:12
MERGED from [com.scwang.smartrefresh:SmartRefreshLayout:1.0.3] AndroidManifest.xml:2:1-17:12
MERGED from [com.github.CymChad:BaseRecyclerViewAdapterHelper:2.9.34] AndroidManifest.xml:2:1-11:12
MERGED from [me.yokeyword:indexablerecyclerview:1.3.0] AndroidManifest.xml:2:1-15:12
MERGED from [com.ms-square:expandableTextView:0.1.4] AndroidManifest.xml:2:1-11:12
MERGED from [:alipaySdk-15.6.0-20190226104053:] AndroidManifest.xml:2:1-54:12
MERGED from [com.tencent.bugly:crashreport_upgrade:1.3.9] AndroidManifest.xml:2:1-46:12
MERGED from [com.tencent.bugly:nativecrashreport:3.6.0.1] AndroidManifest.xml:2:1-9:12
MERGED from [cn.sharesdk:ShareSDK:3.5.2] AndroidManifest.xml:2:1-11:12
MERGED from [cn.sharesdk:OneKeyShare:3.5.2] AndroidManifest.xml:2:1-11:12
MERGED from [com.google.android:flexbox:0.2.6] AndroidManifest.xml:17:1-27:12
MERGED from [com.android.support:support-fragment:28.0.0] AndroidManifest.xml:17:1-22:12
MERGED from [com.android.support:recyclerview-v7:28.0.0] AndroidManifest.xml:17:1-22:12
MERGED from [com.android.support:support-core-ui:28.0.0] AndroidManifest.xml:17:1-22:12
MERGED from [com.github.chrisbanes:PhotoView:2.0.0] AndroidManifest.xml:2:1-12:12
MERGED from [com.android.support:support-core-utils:28.0.0] AndroidManifest.xml:17:1-22:12
MERGED from [com.android.support:loader:28.0.0] AndroidManifest.xml:17:1-22:12
MERGED from [com.android.support:viewpager:28.0.0] AndroidManifest.xml:17:1-22:12
MERGED from [com.android.support:coordinatorlayout:28.0.0] AndroidManifest.xml:17:1-22:12
MERGED from [com.android.support:drawerlayout:28.0.0] AndroidManifest.xml:17:1-22:12
MERGED from [com.android.support:slidingpanelayout:28.0.0] AndroidManifest.xml:17:1-22:12
MERGED from [com.android.support:customview:28.0.0] AndroidManifest.xml:17:1-22:12
MERGED from [com.android.support:swiperefreshlayout:28.0.0] AndroidManifest.xml:17:1-22:12
MERGED from [com.android.support:asynclayoutinflater:28.0.0] AndroidManifest.xml:17:1-22:12
MERGED from [com.android.support:transition:28.0.0] AndroidManifest.xml:17:1-22:12
MERGED from [com.android.support:support-compat:28.0.0] AndroidManifest.xml:17:1-24:12
MERGED from [com.android.support:versionedparcelable:28.0.0] AndroidManifest.xml:17:1-25:12
MERGED from [android.arch.lifecycle:runtime:1.1.1] AndroidManifest.xml:17:1-22:12
MERGED from [android.arch.lifecycle:livedata:1.1.1] AndroidManifest.xml:17:1-22:12
MERGED from [android.arch.lifecycle:livedata-core:1.1.1] AndroidManifest.xml:17:1-22:12
MERGED from [android.arch.core:runtime:1.1.1] AndroidManifest.xml:17:1-22:12
MERGED from [com.android.support:cursoradapter:28.0.0] AndroidManifest.xml:17:1-22:12
MERGED from [android.arch.lifecycle:viewmodel:1.1.1] AndroidManifest.xml:17:1-22:12
MERGED from [com.android.support:interpolator:28.0.0] AndroidManifest.xml:17:1-22:12
MERGED from [com.android.support:cardview-v7:28.0.0] AndroidManifest.xml:17:1-22:12
MERGED from [com.android.support:documentfile:28.0.0] AndroidManifest.xml:17:1-22:12
MERGED from [com.android.support:localbroadcastmanager:28.0.0] AndroidManifest.xml:17:1-22:12
MERGED from [com.android.support:print:28.0.0] AndroidManifest.xml:17:1-22:12
MERGED from [com.github.promeg:tinypinyin-lexicons-android-cncity:2.0.3] AndroidManifest.xml:2:1-14:12
MERGED from [com.github.promeg:tinypinyin-android-asset-lexicons:2.0.3] AndroidManifest.xml:2:1-14:12
INJECTED from src\main\AndroidManifest.xml:2:1-370:12
INJECTED from src\main\AndroidManifest.xml:2:1-370:12
INJECTED from src\main\AndroidManifest.xml:2:1-370:12
	package
		ADDED from src\main\AndroidManifest.xml:4:5-35
		INJECTED from src\main\AndroidManifest.xml
		INJECTED from src\main\AndroidManifest.xml
	android:versionName
		INJECTED from src\main\AndroidManifest.xml
		ADDED from src\main\AndroidManifest.xml:2:1-370:12
		INJECTED from src\main\AndroidManifest.xml
	xmlns:tools
		ADDED from src\main\AndroidManifest.xml:3:5-51
	android:versionCode
		INJECTED from src\main\AndroidManifest.xml
		ADDED from src\main\AndroidManifest.xml:2:1-370:12
		INJECTED from src\main\AndroidManifest.xml
	xmlns:android
		ADDED from src\main\AndroidManifest.xml:2:11-69
uses-permission#android.permission.INTERNET
ADDED from src\main\AndroidManifest.xml:7:5-67
MERGED from [:alipaySdk-15.6.0-20190226104053:] AndroidManifest.xml:18:5-67
MERGED from [:alipaySdk-15.6.0-20190226104053:] AndroidManifest.xml:18:5-67
MERGED from [com.tencent.bugly:crashreport_upgrade:1.3.9] AndroidManifest.xml:12:5-67
MERGED from [com.tencent.bugly:crashreport_upgrade:1.3.9] AndroidManifest.xml:12:5-67
	android:name
		ADDED from src\main\AndroidManifest.xml:7:22-64
uses-permission#android.permission.WRITE_EXTERNAL_STORAGE
ADDED from src\main\AndroidManifest.xml:9:5-81
MERGED from [:imagepicker] AndroidManifest.xml:12:5-81
MERGED from [:imagepicker] AndroidManifest.xml:12:5-81
MERGED from [:alipaySdk-15.6.0-20190226104053:] AndroidManifest.xml:22:5-81
MERGED from [:alipaySdk-15.6.0-20190226104053:] AndroidManifest.xml:22:5-81
MERGED from [com.tencent.bugly:crashreport_upgrade:1.3.9] AndroidManifest.xml:16:5-81
MERGED from [com.tencent.bugly:crashreport_upgrade:1.3.9] AndroidManifest.xml:16:5-81
	android:name
		ADDED from src\main\AndroidManifest.xml:9:22-78
uses-permission#android.permission.ACCESS_NETWORK_STATE
ADDED from src\main\AndroidManifest.xml:11:5-79
MERGED from [:alipaySdk-15.6.0-20190226104053:] AndroidManifest.xml:19:5-79
MERGED from [:alipaySdk-15.6.0-20190226104053:] AndroidManifest.xml:19:5-79
MERGED from [com.tencent.bugly:crashreport_upgrade:1.3.9] AndroidManifest.xml:13:5-79
MERGED from [com.tencent.bugly:crashreport_upgrade:1.3.9] AndroidManifest.xml:13:5-79
	android:name
		ADDED from src\main\AndroidManifest.xml:11:22-76
uses-permission#android.permission.ACCESS_WIFI_STATE
ADDED from src\main\AndroidManifest.xml:13:5-76
MERGED from [:alipaySdk-15.6.0-20190226104053:] AndroidManifest.xml:20:5-76
MERGED from [:alipaySdk-15.6.0-20190226104053:] AndroidManifest.xml:20:5-76
MERGED from [com.tencent.bugly:crashreport_upgrade:1.3.9] AndroidManifest.xml:14:5-76
MERGED from [com.tencent.bugly:crashreport_upgrade:1.3.9] AndroidManifest.xml:14:5-76
	android:name
		ADDED from src\main\AndroidManifest.xml:13:22-73
uses-permission#android.permission.READ_PHONE_STATE
ADDED from src\main\AndroidManifest.xml:15:5-75
MERGED from [:alipaySdk-15.6.0-20190226104053:] AndroidManifest.xml:21:5-75
MERGED from [:alipaySdk-15.6.0-20190226104053:] AndroidManifest.xml:21:5-75
MERGED from [com.tencent.bugly:crashreport_upgrade:1.3.9] AndroidManifest.xml:11:5-75
MERGED from [com.tencent.bugly:crashreport_upgrade:1.3.9] AndroidManifest.xml:11:5-75
	android:name
		ADDED from src\main\AndroidManifest.xml:15:22-72
uses-permission#android.permission.ACCESS_COARSE_LOCATION
ADDED from src\main\AndroidManifest.xml:17:5-81
	android:name
		ADDED from src\main\AndroidManifest.xml:17:22-78
supports-screens
ADDED from src\main\AndroidManifest.xml:19:5-24:39
MERGED from [:alipaySdk-15.6.0-20190226104053:] AndroidManifest.xml:11:5-16:39
MERGED from [:alipaySdk-15.6.0-20190226104053:] AndroidManifest.xml:11:5-16:39
	android:largeScreens
		ADDED from src\main\AndroidManifest.xml:21:9-36
	android:smallScreens
		ADDED from src\main\AndroidManifest.xml:24:9-36
	android:normalScreens
		ADDED from src\main\AndroidManifest.xml:22:9-37
	android:resizeable
		ADDED from src\main\AndroidManifest.xml:23:9-34
	android:anyDensity
		ADDED from src\main\AndroidManifest.xml:20:9-34
uses-permission#android.permission.READ_LOGS
ADDED from src\main\AndroidManifest.xml:26:5-28:47
MERGED from [com.tencent.bugly:crashreport_upgrade:1.3.9] AndroidManifest.xml:15:5-68
MERGED from [com.tencent.bugly:crashreport_upgrade:1.3.9] AndroidManifest.xml:15:5-68
	tools:ignore
		ADDED from src\main\AndroidManifest.xml:28:9-44
	android:name
		ADDED from src\main\AndroidManifest.xml:27:9-52
uses-permission#android.permission.REQUEST_INSTALL_PACKAGES
ADDED from src\main\AndroidManifest.xml:29:5-83
MERGED from [com.tencent.bugly:crashreport_upgrade:1.3.9] AndroidManifest.xml:17:5-83
MERGED from [com.tencent.bugly:crashreport_upgrade:1.3.9] AndroidManifest.xml:17:5-83
	android:name
		ADDED from src\main\AndroidManifest.xml:29:22-80
application
ADDED from src\main\AndroidManifest.xml:31:5-367:19
MERGED from [:imagepicker] AndroidManifest.xml:15:5-36:19
MERGED from [:imagepicker] AndroidManifest.xml:15:5-36:19
MERGED from [:flexbox] AndroidManifest.xml:11:5-15:19
MERGED from [:flexbox] AndroidManifest.xml:11:5-15:19
MERGED from [com.github.jdsjlzx:LRecyclerView:1.4.3] AndroidManifest.xml:11:5-15:19
MERGED from [com.github.jdsjlzx:LRecyclerView:1.4.3] AndroidManifest.xml:11:5-15:19
MERGED from [com.yinglan.alphatabs:library:1.0.8] AndroidManifest.xml:11:5-15:19
MERGED from [com.yinglan.alphatabs:library:1.0.8] AndroidManifest.xml:11:5-15:19
MERGED from [liji.library.dev:citypickerview:4.2.1] AndroidManifest.xml:11:5-35:19
MERGED from [liji.library.dev:citypickerview:4.2.1] AndroidManifest.xml:11:5-35:19
MERGED from [com.android.support:design:28.0.0] AndroidManifest.xml:22:5-20
MERGED from [com.android.support:design:28.0.0] AndroidManifest.xml:22:5-20
MERGED from [com.android.support.constraint:constraint-layout:1.1.3] AndroidManifest.xml:9:5-20
MERGED from [com.android.support.constraint:constraint-layout:1.1.3] AndroidManifest.xml:9:5-20
MERGED from [com.scwang.smartrefresh:SmartRefreshLayout:1.0.3] AndroidManifest.xml:11:5-15:19
MERGED from [com.scwang.smartrefresh:SmartRefreshLayout:1.0.3] AndroidManifest.xml:11:5-15:19
MERGED from [me.yokeyword:indexablerecyclerview:1.3.0] AndroidManifest.xml:13:5-20
MERGED from [me.yokeyword:indexablerecyclerview:1.3.0] AndroidManifest.xml:13:5-20
MERGED from [com.ms-square:expandableTextView:0.1.4] AndroidManifest.xml:9:5-20
MERGED from [com.ms-square:expandableTextView:0.1.4] AndroidManifest.xml:9:5-20
MERGED from [:alipaySdk-15.6.0-20190226104053:] AndroidManifest.xml:24:5-52:19
MERGED from [:alipaySdk-15.6.0-20190226104053:] AndroidManifest.xml:24:5-52:19
MERGED from [com.tencent.bugly:crashreport_upgrade:1.3.9] AndroidManifest.xml:20:5-44:19
MERGED from [com.tencent.bugly:crashreport_upgrade:1.3.9] AndroidManifest.xml:20:5-44:19
MERGED from [com.android.support:support-compat:28.0.0] AndroidManifest.xml:22:5-94
MERGED from [com.android.support:support-compat:28.0.0] AndroidManifest.xml:22:5-94
MERGED from [com.android.support:versionedparcelable:28.0.0] AndroidManifest.xml:22:5-23:19
MERGED from [com.android.support:versionedparcelable:28.0.0] AndroidManifest.xml:22:5-23:19
MERGED from [com.github.promeg:tinypinyin-lexicons-android-cncity:2.0.3] AndroidManifest.xml:11:5-12:19
MERGED from [com.github.promeg:tinypinyin-lexicons-android-cncity:2.0.3] AndroidManifest.xml:11:5-12:19
MERGED from [com.github.promeg:tinypinyin-android-asset-lexicons:2.0.3] AndroidManifest.xml:11:5-12:19
MERGED from [com.github.promeg:tinypinyin-android-asset-lexicons:2.0.3] AndroidManifest.xml:11:5-12:19
	android:appComponentFactory
		ADDED from [com.android.support:support-compat:28.0.0] AndroidManifest.xml:22:18-91
	android:supportsRtl
		ADDED from src\main\AndroidManifest.xml:37:9-35
	android:label
		ADDED from src\main\AndroidManifest.xml:35:9-41
	android:roundIcon
		ADDED from src\main\AndroidManifest.xml:36:9-50
	android:icon
		ADDED from src\main\AndroidManifest.xml:34:9-45
	android:allowBackup
		ADDED from src\main\AndroidManifest.xml:33:9-35
	android:theme
		ADDED from src\main\AndroidManifest.xml:38:9-40
	tools:replace
		ADDED from src\main\AndroidManifest.xml:39:9-37
	android:usesCleartextTraffic
		ADDED from src\main\AndroidManifest.xml:40:9-44
	android:name
		ADDED from src\main\AndroidManifest.xml:32:9-65
meta-data#com.amap.api.v2.apikey
ADDED from src\main\AndroidManifest.xml:47:9-49:64
	android:value
		ADDED from src\main\AndroidManifest.xml:49:13-61
	android:name
		ADDED from src\main\AndroidManifest.xml:48:13-50
service#com.amap.api.location.APSService
ADDED from src\main\AndroidManifest.xml:50:9-76
	android:name
		ADDED from src\main\AndroidManifest.xml:50:18-65
activity#com.jcool.dev.travel.ui.MainActivity
ADDED from src\main\AndroidManifest.xml:52:9-62:20
	android:label
		ADDED from src\main\AndroidManifest.xml:54:13-45
	android:theme
		ADDED from src\main\AndroidManifest.xml:55:13-56
	tools:replace
		ADDED from src\main\AndroidManifest.xml:56:13-41
	android:name
		ADDED from src\main\AndroidManifest.xml:53:13-44
intent-filter#action:name:android.intent.action.MAIN+category:name:android.intent.category.LAUNCHER
ADDED from src\main\AndroidManifest.xml:57:13-61:29
action#android.intent.action.MAIN
ADDED from src\main\AndroidManifest.xml:58:17-69
	android:name
		ADDED from src\main\AndroidManifest.xml:58:25-66
category#android.intent.category.LAUNCHER
ADDED from src\main\AndroidManifest.xml:60:17-77
	android:name
		ADDED from src\main\AndroidManifest.xml:60:27-74
activity#com.tencent.bugly.beta.ui.BetaActivity
ADDED from src\main\AndroidManifest.xml:63:9-66:64
MERGED from [com.tencent.bugly:crashreport_upgrade:1.3.9] AndroidManifest.xml:23:9-27:56
MERGED from [com.tencent.bugly:crashreport_upgrade:1.3.9] AndroidManifest.xml:23:9-27:56
	android:configChanges
		ADDED from src\main\AndroidManifest.xml:65:13-81
	android:theme
		ADDED from src\main\AndroidManifest.xml:66:13-61
	tools:replace
		ADDED from [com.tencent.bugly:crashreport_upgrade:1.3.9] AndroidManifest.xml:27:13-53
	android:name
		ADDED from src\main\AndroidManifest.xml:64:13-66
activity#com.jcool.dev.travel.ui.CityPickerActivity
ADDED from src\main\AndroidManifest.xml:68:9-73:57
	android:screenOrientation
		ADDED from src\main\AndroidManifest.xml:71:13-49
	android:windowSoftInputMode
		ADDED from src\main\AndroidManifest.xml:73:13-54
	android:configChanges
		ADDED from src\main\AndroidManifest.xml:70:13-74
	android:theme
		ADDED from src\main\AndroidManifest.xml:72:13-56
	android:name
		ADDED from src\main\AndroidManifest.xml:69:13-50
activity#com.jcool.dev.travel.ui.TravelListActivity
ADDED from src\main\AndroidManifest.xml:74:9-79:57
	android:screenOrientation
		ADDED from src\main\AndroidManifest.xml:77:13-49
	android:windowSoftInputMode
		ADDED from src\main\AndroidManifest.xml:79:13-54
	android:configChanges
		ADDED from src\main\AndroidManifest.xml:76:13-74
	android:theme
		ADDED from src\main\AndroidManifest.xml:78:13-56
	android:name
		ADDED from src\main\AndroidManifest.xml:75:13-50
activity#com.jcool.dev.travel.ui.SearchAddressActivity
ADDED from src\main\AndroidManifest.xml:80:9-85:57
	android:screenOrientation
		ADDED from src\main\AndroidManifest.xml:83:13-49
	android:windowSoftInputMode
		ADDED from src\main\AndroidManifest.xml:85:13-54
	android:configChanges
		ADDED from src\main\AndroidManifest.xml:82:13-74
	android:theme
		ADDED from src\main\AndroidManifest.xml:84:13-56
	android:name
		ADDED from src\main\AndroidManifest.xml:81:13-53
activity#com.jcool.dev.travel.ui.TravelViseActivity
ADDED from src\main\AndroidManifest.xml:86:9-91:57
	android:screenOrientation
		ADDED from src\main\AndroidManifest.xml:89:13-49
	android:windowSoftInputMode
		ADDED from src\main\AndroidManifest.xml:91:13-54
	android:configChanges
		ADDED from src\main\AndroidManifest.xml:88:13-74
	android:theme
		ADDED from src\main\AndroidManifest.xml:90:13-56
	android:name
		ADDED from src\main\AndroidManifest.xml:87:13-50
activity#com.jcool.dev.travel.ui.VisaInfoActivity
ADDED from src\main\AndroidManifest.xml:92:9-97:57
	android:screenOrientation
		ADDED from src\main\AndroidManifest.xml:95:13-49
	android:windowSoftInputMode
		ADDED from src\main\AndroidManifest.xml:97:13-54
	android:configChanges
		ADDED from src\main\AndroidManifest.xml:94:13-74
	android:theme
		ADDED from src\main\AndroidManifest.xml:96:13-56
	android:name
		ADDED from src\main\AndroidManifest.xml:93:13-48
activity#com.jcool.dev.travel.ui.TravelInfoActivity
ADDED from src\main\AndroidManifest.xml:98:9-103:57
	android:screenOrientation
		ADDED from src\main\AndroidManifest.xml:101:13-49
	android:windowSoftInputMode
		ADDED from src\main\AndroidManifest.xml:103:13-54
	android:configChanges
		ADDED from src\main\AndroidManifest.xml:100:13-74
	android:theme
		ADDED from src\main\AndroidManifest.xml:102:13-56
	android:name
		ADDED from src\main\AndroidManifest.xml:99:13-50
activity#com.jcool.dev.travel.ui.SettingActivity
ADDED from src\main\AndroidManifest.xml:104:9-109:57
	android:screenOrientation
		ADDED from src\main\AndroidManifest.xml:107:13-49
	android:windowSoftInputMode
		ADDED from src\main\AndroidManifest.xml:109:13-54
	android:configChanges
		ADDED from src\main\AndroidManifest.xml:106:13-74
	android:theme
		ADDED from src\main\AndroidManifest.xml:108:13-56
	android:name
		ADDED from src\main\AndroidManifest.xml:105:13-47
activity#com.jcool.dev.travel.ui.RegisterActivity
ADDED from src\main\AndroidManifest.xml:110:9-115:57
	android:screenOrientation
		ADDED from src\main\AndroidManifest.xml:113:13-49
	android:windowSoftInputMode
		ADDED from src\main\AndroidManifest.xml:115:13-54
	android:configChanges
		ADDED from src\main\AndroidManifest.xml:112:13-74
	android:theme
		ADDED from src\main\AndroidManifest.xml:114:13-56
	android:name
		ADDED from src\main\AndroidManifest.xml:111:13-48
activity#com.jcool.dev.travel.ui.SetPasswordActivity
ADDED from src\main\AndroidManifest.xml:116:9-121:57
	android:screenOrientation
		ADDED from src\main\AndroidManifest.xml:119:13-49
	android:windowSoftInputMode
		ADDED from src\main\AndroidManifest.xml:121:13-54
	android:configChanges
		ADDED from src\main\AndroidManifest.xml:118:13-74
	android:theme
		ADDED from src\main\AndroidManifest.xml:120:13-56
	android:name
		ADDED from src\main\AndroidManifest.xml:117:13-51
activity#com.jcool.dev.travel.ui.UserInfoActivity
ADDED from src\main\AndroidManifest.xml:122:9-127:57
	android:screenOrientation
		ADDED from src\main\AndroidManifest.xml:125:13-49
	android:windowSoftInputMode
		ADDED from src\main\AndroidManifest.xml:127:13-54
	android:configChanges
		ADDED from src\main\AndroidManifest.xml:124:13-74
	android:theme
		ADDED from src\main\AndroidManifest.xml:126:13-56
	android:name
		ADDED from src\main\AndroidManifest.xml:123:13-48
activity#com.jcool.dev.travel.ui.EdtUserInfoActivity
ADDED from src\main\AndroidManifest.xml:128:9-133:57
	android:screenOrientation
		ADDED from src\main\AndroidManifest.xml:131:13-49
	android:windowSoftInputMode
		ADDED from src\main\AndroidManifest.xml:133:13-54
	android:configChanges
		ADDED from src\main\AndroidManifest.xml:130:13-74
	android:theme
		ADDED from src\main\AndroidManifest.xml:132:13-56
	android:name
		ADDED from src\main\AndroidManifest.xml:129:13-51
activity#com.jcool.dev.travel.ui.FindPswActivity
ADDED from src\main\AndroidManifest.xml:134:9-139:57
	android:screenOrientation
		ADDED from src\main\AndroidManifest.xml:137:13-49
	android:windowSoftInputMode
		ADDED from src\main\AndroidManifest.xml:139:13-54
	android:configChanges
		ADDED from src\main\AndroidManifest.xml:136:13-74
	android:theme
		ADDED from src\main\AndroidManifest.xml:138:13-56
	android:name
		ADDED from src\main\AndroidManifest.xml:135:13-47
activity#com.jcool.dev.travel.ui.FindPswCodeActivity
ADDED from src\main\AndroidManifest.xml:140:9-145:57
	android:screenOrientation
		ADDED from src\main\AndroidManifest.xml:143:13-49
	android:windowSoftInputMode
		ADDED from src\main\AndroidManifest.xml:145:13-54
	android:configChanges
		ADDED from src\main\AndroidManifest.xml:142:13-74
	android:theme
		ADDED from src\main\AndroidManifest.xml:144:13-56
	android:name
		ADDED from src\main\AndroidManifest.xml:141:13-51
activity#com.jcool.dev.travel.ui.TravelDefuiltActivity
ADDED from src\main\AndroidManifest.xml:146:9-151:57
	android:screenOrientation
		ADDED from src\main\AndroidManifest.xml:149:13-49
	android:windowSoftInputMode
		ADDED from src\main\AndroidManifest.xml:151:13-54
	android:configChanges
		ADDED from src\main\AndroidManifest.xml:148:13-74
	android:theme
		ADDED from src\main\AndroidManifest.xml:150:13-56
	android:name
		ADDED from src\main\AndroidManifest.xml:147:13-53
activity#com.jcool.dev.travel.ui.VisaDefuiltActivity
ADDED from src\main\AndroidManifest.xml:152:9-157:57
	android:screenOrientation
		ADDED from src\main\AndroidManifest.xml:155:13-49
	android:windowSoftInputMode
		ADDED from src\main\AndroidManifest.xml:157:13-54
	android:configChanges
		ADDED from src\main\AndroidManifest.xml:154:13-74
	android:theme
		ADDED from src\main\AndroidManifest.xml:156:13-56
	android:name
		ADDED from src\main\AndroidManifest.xml:153:13-51
activity#com.jcool.dev.travel.ui.CalendarActivity
ADDED from src\main\AndroidManifest.xml:158:9-163:57
	android:screenOrientation
		ADDED from src\main\AndroidManifest.xml:161:13-49
	android:windowSoftInputMode
		ADDED from src\main\AndroidManifest.xml:163:13-54
	android:configChanges
		ADDED from src\main\AndroidManifest.xml:160:13-74
	android:theme
		ADDED from src\main\AndroidManifest.xml:162:13-56
	android:name
		ADDED from src\main\AndroidManifest.xml:159:13-48
activity#com.jcool.dev.travel.ui.VisaDataActivity
ADDED from src\main\AndroidManifest.xml:164:9-169:57
	android:screenOrientation
		ADDED from src\main\AndroidManifest.xml:167:13-49
	android:windowSoftInputMode
		ADDED from src\main\AndroidManifest.xml:169:13-54
	android:configChanges
		ADDED from src\main\AndroidManifest.xml:166:13-74
	android:theme
		ADDED from src\main\AndroidManifest.xml:168:13-56
	android:name
		ADDED from src\main\AndroidManifest.xml:165:13-48
activity#com.jcool.dev.travel.ui.CompanyVipActivity
ADDED from src\main\AndroidManifest.xml:170:9-175:57
	android:screenOrientation
		ADDED from src\main\AndroidManifest.xml:173:13-49
	android:windowSoftInputMode
		ADDED from src\main\AndroidManifest.xml:175:13-54
	android:configChanges
		ADDED from src\main\AndroidManifest.xml:172:13-74
	android:theme
		ADDED from src\main\AndroidManifest.xml:174:13-56
	android:name
		ADDED from src\main\AndroidManifest.xml:171:13-50
activity#com.jcool.dev.travel.ui.PersonVipActivity
ADDED from src\main\AndroidManifest.xml:176:9-181:57
	android:screenOrientation
		ADDED from src\main\AndroidManifest.xml:179:13-49
	android:windowSoftInputMode
		ADDED from src\main\AndroidManifest.xml:181:13-54
	android:configChanges
		ADDED from src\main\AndroidManifest.xml:178:13-74
	android:theme
		ADDED from src\main\AndroidManifest.xml:180:13-56
	android:name
		ADDED from src\main\AndroidManifest.xml:177:13-49
activity#com.jcool.dev.travel.ui.VisaHotActivity
ADDED from src\main\AndroidManifest.xml:182:9-187:57
	android:screenOrientation
		ADDED from src\main\AndroidManifest.xml:185:13-49
	android:windowSoftInputMode
		ADDED from src\main\AndroidManifest.xml:187:13-54
	android:configChanges
		ADDED from src\main\AndroidManifest.xml:184:13-74
	android:theme
		ADDED from src\main\AndroidManifest.xml:186:13-56
	android:name
		ADDED from src\main\AndroidManifest.xml:183:13-47
activity#com.jcool.dev.travel.ui.VisaCommitActivity
ADDED from src\main\AndroidManifest.xml:188:9-193:57
	android:screenOrientation
		ADDED from src\main\AndroidManifest.xml:191:13-49
	android:windowSoftInputMode
		ADDED from src\main\AndroidManifest.xml:193:13-54
	android:configChanges
		ADDED from src\main\AndroidManifest.xml:190:13-74
	android:theme
		ADDED from src\main\AndroidManifest.xml:192:13-56
	android:name
		ADDED from src\main\AndroidManifest.xml:189:13-50
activity#com.jcool.dev.travel.ui.HisToryVisaActivity
ADDED from src\main\AndroidManifest.xml:194:9-199:57
	android:screenOrientation
		ADDED from src\main\AndroidManifest.xml:197:13-49
	android:windowSoftInputMode
		ADDED from src\main\AndroidManifest.xml:199:13-54
	android:configChanges
		ADDED from src\main\AndroidManifest.xml:196:13-74
	android:theme
		ADDED from src\main\AndroidManifest.xml:198:13-56
	android:name
		ADDED from src\main\AndroidManifest.xml:195:13-51
activity#com.jcool.dev.travel.ui.LoginActivity
ADDED from src\main\AndroidManifest.xml:200:9-205:57
	android:screenOrientation
		ADDED from src\main\AndroidManifest.xml:203:13-49
	android:windowSoftInputMode
		ADDED from src\main\AndroidManifest.xml:205:13-54
	android:configChanges
		ADDED from src\main\AndroidManifest.xml:202:13-74
	android:theme
		ADDED from src\main\AndroidManifest.xml:204:13-56
	android:name
		ADDED from src\main\AndroidManifest.xml:201:13-45
activity#com.jcool.dev.travel.ui.AddPersonActivity
ADDED from src\main\AndroidManifest.xml:206:9-211:57
	android:screenOrientation
		ADDED from src\main\AndroidManifest.xml:209:13-49
	android:windowSoftInputMode
		ADDED from src\main\AndroidManifest.xml:211:13-54
	android:configChanges
		ADDED from src\main\AndroidManifest.xml:208:13-74
	android:theme
		ADDED from src\main\AndroidManifest.xml:210:13-56
	android:name
		ADDED from src\main\AndroidManifest.xml:207:13-49
activity#com.jcool.dev.travel.ui.VisaOrderDetailActivity
ADDED from src\main\AndroidManifest.xml:212:9-217:57
	android:screenOrientation
		ADDED from src\main\AndroidManifest.xml:215:13-49
	android:windowSoftInputMode
		ADDED from src\main\AndroidManifest.xml:217:13-54
	android:configChanges
		ADDED from src\main\AndroidManifest.xml:214:13-74
	android:theme
		ADDED from src\main\AndroidManifest.xml:216:13-56
	android:name
		ADDED from src\main\AndroidManifest.xml:213:13-55
activity#com.jcool.dev.travel.ui.OtherOrderDetailActivity
ADDED from src\main\AndroidManifest.xml:218:9-223:57
	android:screenOrientation
		ADDED from src\main\AndroidManifest.xml:221:13-49
	android:windowSoftInputMode
		ADDED from src\main\AndroidManifest.xml:223:13-54
	android:configChanges
		ADDED from src\main\AndroidManifest.xml:220:13-74
	android:theme
		ADDED from src\main\AndroidManifest.xml:222:13-56
	android:name
		ADDED from src\main\AndroidManifest.xml:219:13-56
activity#com.jcool.dev.travel.ui.TravelOrderDetailActivity
ADDED from src\main\AndroidManifest.xml:224:9-229:57
	android:screenOrientation
		ADDED from src\main\AndroidManifest.xml:227:13-49
	android:windowSoftInputMode
		ADDED from src\main\AndroidManifest.xml:229:13-54
	android:configChanges
		ADDED from src\main\AndroidManifest.xml:226:13-74
	android:theme
		ADDED from src\main\AndroidManifest.xml:228:13-56
	android:name
		ADDED from src\main\AndroidManifest.xml:225:13-57
activity#com.jcool.dev.travel.ui.DatumCommitActivity
ADDED from src\main\AndroidManifest.xml:230:9-235:57
	android:screenOrientation
		ADDED from src\main\AndroidManifest.xml:233:13-49
	android:windowSoftInputMode
		ADDED from src\main\AndroidManifest.xml:235:13-54
	android:configChanges
		ADDED from src\main\AndroidManifest.xml:232:13-74
	android:theme
		ADDED from src\main\AndroidManifest.xml:234:13-56
	android:name
		ADDED from src\main\AndroidManifest.xml:231:13-51
activity#com.jcool.dev.travel.ui.OrderTabActivity
ADDED from src\main\AndroidManifest.xml:236:9-241:57
	android:screenOrientation
		ADDED from src\main\AndroidManifest.xml:239:13-49
	android:windowSoftInputMode
		ADDED from src\main\AndroidManifest.xml:241:13-54
	android:configChanges
		ADDED from src\main\AndroidManifest.xml:238:13-74
	android:theme
		ADDED from src\main\AndroidManifest.xml:240:13-56
	android:name
		ADDED from src\main\AndroidManifest.xml:237:13-48
activity#com.jcool.dev.travel.ui.WebviewDefulitActivity
ADDED from src\main\AndroidManifest.xml:242:9-247:57
	android:screenOrientation
		ADDED from src\main\AndroidManifest.xml:245:13-49
	android:windowSoftInputMode
		ADDED from src\main\AndroidManifest.xml:247:13-54
	android:configChanges
		ADDED from src\main\AndroidManifest.xml:244:13-74
	android:theme
		ADDED from src\main\AndroidManifest.xml:246:13-56
	android:name
		ADDED from src\main\AndroidManifest.xml:243:13-54
activity#com.jcool.dev.travel.ui.PayActivity
ADDED from src\main\AndroidManifest.xml:248:9-253:57
	android:screenOrientation
		ADDED from src\main\AndroidManifest.xml:251:13-49
	android:windowSoftInputMode
		ADDED from src\main\AndroidManifest.xml:253:13-54
	android:configChanges
		ADDED from src\main\AndroidManifest.xml:250:13-74
	android:theme
		ADDED from src\main\AndroidManifest.xml:252:13-56
	android:name
		ADDED from src\main\AndroidManifest.xml:249:13-43
activity#com.jcool.dev.travel.ui.MessageListActivity
ADDED from src\main\AndroidManifest.xml:254:9-259:57
	android:screenOrientation
		ADDED from src\main\AndroidManifest.xml:257:13-49
	android:windowSoftInputMode
		ADDED from src\main\AndroidManifest.xml:259:13-54
	android:configChanges
		ADDED from src\main\AndroidManifest.xml:256:13-74
	android:theme
		ADDED from src\main\AndroidManifest.xml:258:13-56
	android:name
		ADDED from src\main\AndroidManifest.xml:255:13-51